{"/Users/ceciliawahome/Desktop/News-App/src/js/components/articles.js": {"path":"/Users/ceciliawahome/Desktop/News-App/src/js/components/articles.js","statementMap":{"0":{"start":{"line":4,"column":0},"end":{"line":4,"column":47}},"1":{"start":{"line":9,"column":4},"end":{"line":9,"column":12}},"2":{"start":{"line":10,"column":4},"end":{"line":10,"column":34}},"3":{"start":{"line":13,"column":14},"end":{"line":15,"column":34}},"4":{"start":{"line":16,"column":4},"end":{"line":27,"column":9}},"5":{"start":{"line":18,"column":8},"end":{"line":20,"column":11}},"6":{"start":{"line":24,"column":8},"end":{"line":26,"column":11}},"7":{"start":{"line":32,"column":4},"end":{"line":32,"column":76}},"8":{"start":{"line":35,"column":4},"end":{"line":35,"column":74}},"9":{"start":{"line":41,"column":4},"end":{"line":62,"column":6}},"10":{"start":{"line":47,"column":27},"end":{"line":47,"column":67}},"11":{"start":{"line":48,"column":14},"end":{"line":59,"column":20}}},"fnMap":{"0":{"name":"(anonymous_0)","decl":{"start":{"line":8,"column":2},"end":{"line":8,"column":3}},"loc":{"start":{"line":8,"column":16},"end":{"line":11,"column":3}},"line":8},"1":{"name":"(anonymous_1)","decl":{"start":{"line":12,"column":2},"end":{"line":12,"column":3}},"loc":{"start":{"line":12,"column":34},"end":{"line":29,"column":3}},"line":12},"2":{"name":"(anonymous_2)","decl":{"start":{"line":17,"column":12},"end":{"line":17,"column":13}},"loc":{"start":{"line":17,"column":24},"end":{"line":22,"column":7}},"line":17},"3":{"name":"(anonymous_3)","decl":{"start":{"line":23,"column":13},"end":{"line":23,"column":14}},"loc":{"start":{"line":23,"column":24},"end":{"line":27,"column":7}},"line":23},"4":{"name":"(anonymous_4)","decl":{"start":{"line":31,"column":2},"end":{"line":31,"column":3}},"loc":{"start":{"line":31,"column":22},"end":{"line":33,"column":3}},"line":31},"5":{"name":"(anonymous_5)","decl":{"start":{"line":34,"column":2},"end":{"line":34,"column":3}},"loc":{"start":{"line":34,"column":39},"end":{"line":36,"column":3}},"line":34},"6":{"name":"(anonymous_6)","decl":{"start":{"line":38,"column":2},"end":{"line":38,"column":3}},"loc":{"start":{"line":38,"column":11},"end":{"line":63,"column":3}},"line":38},"7":{"name":"(anonymous_7)","decl":{"start":{"line":46,"column":37},"end":{"line":46,"column":38}},"loc":{"start":{"line":46,"column":55},"end":{"line":60,"column":13}},"line":46}},"branchMap":{"0":{"loc":{"start":{"line":43,"column":13},"end":{"line":43,"column":79}},"type":"binary-expr","locations":[{"start":{"line":43,"column":13},"end":{"line":43,"column":51}},{"start":{"line":43,"column":55},"end":{"line":43,"column":79}}],"line":43},"1":{"loc":{"start":{"line":44,"column":13},"end":{"line":44,"column":77}},"type":"binary-expr","locations":[{"start":{"line":44,"column":13},"end":{"line":44,"column":50}},{"start":{"line":44,"column":54},"end":{"line":44,"column":77}}],"line":44},"2":{"loc":{"start":{"line":45,"column":13},"end":{"line":45,"column":71}},"type":"binary-expr","locations":[{"start":{"line":45,"column":13},"end":{"line":45,"column":47}},{"start":{"line":45,"column":51},"end":{"line":45,"column":71}}],"line":45}},"s":{"0":1,"1":1,"2":1,"3":2,"4":2,"5":0,"6":1,"7":1,"8":1,"9":4,"10":6,"11":6},"f":{"0":1,"1":2,"2":0,"3":1,"4":1,"5":1,"6":4,"7":6},"b":{"0":[4,0],"1":[4,0],"2":[4,4]},"_coverageSchema":"332fd63041d2c1bcb487cc26dd0d5f7d97098a6c","hash":"f956d0e42caff0d2aa67eb2e2f4f6028c355860d"}
,"/Users/ceciliawahome/Desktop/News-App/src/js/components/categories.js": {"path":"/Users/ceciliawahome/Desktop/News-App/src/js/components/categories.js","statementMap":{"0":{"start":{"line":8,"column":4},"end":{"line":8,"column":17}},"1":{"start":{"line":9,"column":4},"end":{"line":29,"column":6}},"2":{"start":{"line":30,"column":4},"end":{"line":30,"column":65}},"3":{"start":{"line":33,"column":4},"end":{"line":33,"column":30}},"4":{"start":{"line":37,"column":22},"end":{"line":37,"column":56}},"5":{"start":{"line":38,"column":24},"end":{"line":38,"column":60}},"6":{"start":{"line":39,"column":23},"end":{"line":39,"column":83}},"7":{"start":{"line":40,"column":4},"end":{"line":45,"column":9}},"8":{"start":{"line":43,"column":8},"end":{"line":44,"column":11}},"9":{"start":{"line":43,"column":38},"end":{"line":43,"column":93}},"10":{"start":{"line":49,"column":28},"end":{"line":49,"column":40}},"11":{"start":{"line":50,"column":24},"end":{"line":52,"column":5}},"12":{"start":{"line":51,"column":6},"end":{"line":51,"column":33}},"13":{"start":{"line":53,"column":4},"end":{"line":61,"column":22}},"14":{"start":{"line":54,"column":24},"end":{"line":56,"column":8}},"15":{"start":{"line":57,"column":6},"end":{"line":57,"column":35}},"16":{"start":{"line":58,"column":6},"end":{"line":60,"column":9}},"17":{"start":{"line":74,"column":12},"end":{"line":74,"column":22}},"18":{"start":{"line":76,"column":29},"end":{"line":78,"column":6}},"19":{"start":{"line":77,"column":6},"end":{"line":77,"column":47}},"20":{"start":{"line":79,"column":4},"end":{"line":121,"column":6}},"21":{"start":{"line":89,"column":12},"end":{"line":91,"column":21}},"22":{"start":{"line":102,"column":12},"end":{"line":104,"column":21}},"23":{"start":{"line":109,"column":22},"end":{"line":109,"column":73}},"24":{"start":{"line":110,"column":12},"end":{"line":116,"column":13}}},"fnMap":{"0":{"name":"(anonymous_0)","decl":{"start":{"line":7,"column":2},"end":{"line":7,"column":3}},"loc":{"start":{"line":7,"column":21},"end":{"line":31,"column":3}},"line":7},"1":{"name":"(anonymous_1)","decl":{"start":{"line":32,"column":2},"end":{"line":32,"column":3}},"loc":{"start":{"line":32,"column":22},"end":{"line":35,"column":3}},"line":32},"2":{"name":"(anonymous_2)","decl":{"start":{"line":36,"column":2},"end":{"line":36,"column":3}},"loc":{"start":{"line":36,"column":24},"end":{"line":46,"column":3}},"line":36},"3":{"name":"(anonymous_3)","decl":{"start":{"line":42,"column":12},"end":{"line":42,"column":13}},"loc":{"start":{"line":42,"column":26},"end":{"line":45,"column":7}},"line":42},"4":{"name":"(anonymous_4)","decl":{"start":{"line":43,"column":22},"end":{"line":43,"column":23}},"loc":{"start":{"line":43,"column":38},"end":{"line":43,"column":93}},"line":43},"5":{"name":"(anonymous_5)","decl":{"start":{"line":48,"column":2},"end":{"line":48,"column":3}},"loc":{"start":{"line":48,"column":28},"end":{"line":64,"column":3}},"line":48},"6":{"name":"(anonymous_6)","decl":{"start":{"line":50,"column":24},"end":{"line":50,"column":25}},"loc":{"start":{"line":50,"column":30},"end":{"line":52,"column":5}},"line":50},"7":{"name":"(anonymous_7)","decl":{"start":{"line":53,"column":18},"end":{"line":53,"column":19}},"loc":{"start":{"line":53,"column":33},"end":{"line":61,"column":5}},"line":53},"8":{"name":"(anonymous_8)","decl":{"start":{"line":66,"column":2},"end":{"line":66,"column":3}},"loc":{"start":{"line":66,"column":11},"end":{"line":122,"column":3}},"line":66},"9":{"name":"(anonymous_9)","decl":{"start":{"line":76,"column":44},"end":{"line":76,"column":45}},"loc":{"start":{"line":76,"column":54},"end":{"line":78,"column":5}},"line":76},"10":{"name":"(anonymous_10)","decl":{"start":{"line":88,"column":36},"end":{"line":88,"column":37}},"loc":{"start":{"line":89,"column":12},"end":{"line":91,"column":21}},"line":89},"11":{"name":"(anonymous_11)","decl":{"start":{"line":101,"column":47},"end":{"line":101,"column":48}},"loc":{"start":{"line":102,"column":12},"end":{"line":104,"column":21}},"line":102},"12":{"name":"(anonymous_12)","decl":{"start":{"line":108,"column":32},"end":{"line":108,"column":33}},"loc":{"start":{"line":108,"column":44},"end":{"line":118,"column":11}},"line":108}},"branchMap":{},"s":{"0":2,"1":2,"2":2,"3":1,"4":1,"5":1,"6":1,"7":1,"8":0,"9":0,"10":0,"11":0,"12":0,"13":0,"14":0,"15":0,"16":0,"17":4,"18":4,"19":2,"20":4,"21":4,"22":36,"23":2,"24":2},"f":{"0":2,"1":1,"2":1,"3":0,"4":0,"5":0,"6":0,"7":0,"8":4,"9":2,"10":4,"11":36,"12":2},"b":{},"_coverageSchema":"332fd63041d2c1bcb487cc26dd0d5f7d97098a6c","hash":"7f54830a9dde13610f3283a23647469ce9d12030"}
,"/Users/ceciliawahome/Desktop/News-App/src/js/components/home.js": {"path":"/Users/ceciliawahome/Desktop/News-App/src/js/components/home.js","statementMap":{"0":{"start":{"line":11,"column":4},"end":{"line":20,"column":6}}},"fnMap":{"0":{"name":"(anonymous_0)","decl":{"start":{"line":10,"column":2},"end":{"line":10,"column":3}},"loc":{"start":{"line":10,"column":11},"end":{"line":21,"column":3}},"line":10}},"branchMap":{},"s":{"0":1},"f":{"0":1},"b":{},"_coverageSchema":"332fd63041d2c1bcb487cc26dd0d5f7d97098a6c","hash":"ca9b6d6db3792334efd3a818027c70b5b4a6f27d"}
,"/Users/ceciliawahome/Desktop/News-App/src/js/components/search.js": {"path":"/Users/ceciliawahome/Desktop/News-App/src/js/components/search.js","statementMap":{"0":{"start":{"line":7,"column":4},"end":{"line":7,"column":12}},"1":{"start":{"line":8,"column":4},"end":{"line":11,"column":6}},"2":{"start":{"line":14,"column":4},"end":{"line":14,"column":50}},"3":{"start":{"line":20,"column":4},"end":{"line":25,"column":8}},"4":{"start":{"line":22,"column":8},"end":{"line":24,"column":11}},"5":{"start":{"line":29,"column":25},"end":{"line":33,"column":8}},"6":{"start":{"line":31,"column":8},"end":{"line":31,"column":90}},"7":{"start":{"line":34,"column":4},"end":{"line":49,"column":6}},"8":{"start":{"line":39,"column":20},"end":{"line":39,"column":73}},"9":{"start":{"line":40,"column":10},"end":{"line":44,"column":19}}},"fnMap":{"0":{"name":"(anonymous_0)","decl":{"start":{"line":6,"column":2},"end":{"line":6,"column":3}},"loc":{"start":{"line":6,"column":16},"end":{"line":12,"column":3}},"line":6},"1":{"name":"(anonymous_1)","decl":{"start":{"line":13,"column":2},"end":{"line":13,"column":3}},"loc":{"start":{"line":13,"column":22},"end":{"line":17,"column":3}},"line":13},"2":{"name":"(anonymous_2)","decl":{"start":{"line":19,"column":2},"end":{"line":19,"column":3}},"loc":{"start":{"line":19,"column":22},"end":{"line":26,"column":3}},"line":19},"3":{"name":"(anonymous_3)","decl":{"start":{"line":21,"column":12},"end":{"line":21,"column":13}},"loc":{"start":{"line":21,"column":24},"end":{"line":25,"column":7}},"line":21},"4":{"name":"(anonymous_4)","decl":{"start":{"line":28,"column":2},"end":{"line":28,"column":3}},"loc":{"start":{"line":28,"column":11},"end":{"line":50,"column":3}},"line":28},"5":{"name":"(anonymous_5)","decl":{"start":{"line":30,"column":6},"end":{"line":30,"column":7}},"loc":{"start":{"line":30,"column":19},"end":{"line":33,"column":7}},"line":30},"6":{"name":"(anonymous_6)","decl":{"start":{"line":38,"column":28},"end":{"line":38,"column":29}},"loc":{"start":{"line":38,"column":41},"end":{"line":46,"column":9}},"line":38}},"branchMap":{},"s":{"0":1,"1":1,"2":0,"3":1,"4":0,"5":3,"6":2,"7":3,"8":2,"9":2},"f":{"0":1,"1":0,"2":1,"3":0,"4":3,"5":2,"6":2},"b":{},"_coverageSchema":"332fd63041d2c1bcb487cc26dd0d5f7d97098a6c","hash":"d6be19518d870a3f7258984372af0d75f2d0ca61"}
,"/Users/ceciliawahome/Desktop/News-App/src/js/components/sources.js": {"path":"/Users/ceciliawahome/Desktop/News-App/src/js/components/sources.js","statementMap":{"0":{"start":{"line":5,"column":0},"end":{"line":5,"column":47}},"1":{"start":{"line":9,"column":4},"end":{"line":9,"column":12}},"2":{"start":{"line":10,"column":4},"end":{"line":10,"column":33}},"3":{"start":{"line":14,"column":4},"end":{"line":24,"column":9}},"4":{"start":{"line":16,"column":8},"end":{"line":18,"column":11}},"5":{"start":{"line":21,"column":8},"end":{"line":23,"column":11}},"6":{"start":{"line":28,"column":4},"end":{"line":40,"column":6}},"7":{"start":{"line":31,"column":20},"end":{"line":31,"column":73}},"8":{"start":{"line":32,"column":10},"end":{"line":36,"column":19}}},"fnMap":{"0":{"name":"(anonymous_0)","decl":{"start":{"line":8,"column":2},"end":{"line":8,"column":3}},"loc":{"start":{"line":8,"column":16},"end":{"line":11,"column":3}},"line":8},"1":{"name":"(anonymous_1)","decl":{"start":{"line":13,"column":2},"end":{"line":13,"column":3}},"loc":{"start":{"line":13,"column":22},"end":{"line":25,"column":3}},"line":13},"2":{"name":"(anonymous_2)","decl":{"start":{"line":15,"column":12},"end":{"line":15,"column":13}},"loc":{"start":{"line":15,"column":24},"end":{"line":19,"column":7}},"line":15},"3":{"name":"(anonymous_3)","decl":{"start":{"line":20,"column":13},"end":{"line":20,"column":14}},"loc":{"start":{"line":20,"column":24},"end":{"line":24,"column":7}},"line":20},"4":{"name":"(anonymous_4)","decl":{"start":{"line":27,"column":2},"end":{"line":27,"column":3}},"loc":{"start":{"line":27,"column":11},"end":{"line":41,"column":3}},"line":27},"5":{"name":"(anonymous_5)","decl":{"start":{"line":30,"column":32},"end":{"line":30,"column":33}},"loc":{"start":{"line":30,"column":45},"end":{"line":37,"column":9}},"line":30}},"branchMap":{},"s":{"0":1,"1":1,"2":1,"3":1,"4":0,"5":1,"6":4,"7":3,"8":3},"f":{"0":1,"1":1,"2":0,"3":1,"4":4,"5":3},"b":{},"_coverageSchema":"332fd63041d2c1bcb487cc26dd0d5f7d97098a6c","hash":"5bdbbe2febcc8fe45c8060d9bd1cd96823760519"}
}
