TN:
SF:/Users/ceciliawahome/Desktop/News-App/src/js/components/articles.js
FN:8,(anonymous_0)
FN:12,(anonymous_1)
FN:17,(anonymous_2)
FN:23,(anonymous_3)
FN:31,(anonymous_4)
FN:34,(anonymous_5)
FN:38,(anonymous_6)
FN:46,(anonymous_7)
FNF:8
FNH:7
FNDA:1,(anonymous_0)
FNDA:2,(anonymous_1)
FNDA:0,(anonymous_2)
FNDA:1,(anonymous_3)
FNDA:1,(anonymous_4)
FNDA:1,(anonymous_5)
FNDA:4,(anonymous_6)
FNDA:6,(anonymous_7)
DA:4,1
DA:9,1
DA:10,1
DA:13,2
DA:16,2
DA:18,0
DA:24,1
DA:32,1
DA:35,1
DA:41,4
DA:47,6
DA:48,6
LF:12
LH:11
BRDA:43,0,0,4
BRDA:43,0,1,0
BRDA:44,1,0,4
BRDA:44,1,1,0
BRDA:45,2,0,4
BRDA:45,2,1,4
BRF:6
BRH:4
end_of_record
TN:
SF:/Users/ceciliawahome/Desktop/News-App/src/js/components/categories.js
FN:7,(anonymous_0)
FN:32,(anonymous_1)
FN:36,(anonymous_2)
FN:42,(anonymous_3)
FN:43,(anonymous_4)
FN:48,(anonymous_5)
FN:50,(anonymous_6)
FN:53,(anonymous_7)
FN:66,(anonymous_8)
FN:76,(anonymous_9)
FN:88,(anonymous_10)
FN:101,(anonymous_11)
FN:108,(anonymous_12)
FNF:13
FNH:8
FNDA:2,(anonymous_0)
FNDA:1,(anonymous_1)
FNDA:1,(anonymous_2)
FNDA:0,(anonymous_3)
FNDA:0,(anonymous_4)
FNDA:0,(anonymous_5)
FNDA:0,(anonymous_6)
FNDA:0,(anonymous_7)
FNDA:4,(anonymous_8)
FNDA:2,(anonymous_9)
FNDA:4,(anonymous_10)
FNDA:36,(anonymous_11)
FNDA:2,(anonymous_12)
DA:8,2
DA:9,2
DA:30,2
DA:33,1
DA:37,1
DA:38,1
DA:39,1
DA:40,1
DA:43,0
DA:49,0
DA:50,0
DA:51,0
DA:53,0
DA:54,0
DA:57,0
DA:58,0
DA:74,4
DA:76,4
DA:77,2
DA:79,4
DA:89,4
DA:102,36
DA:109,2
DA:110,2
LF:24
LH:16
BRF:0
BRH:0
end_of_record
TN:
SF:/Users/ceciliawahome/Desktop/News-App/src/js/components/home.js
FN:10,(anonymous_0)
FNF:1
FNH:1
FNDA:1,(anonymous_0)
DA:11,1
LF:1
LH:1
BRF:0
BRH:0
end_of_record
TN:
SF:/Users/ceciliawahome/Desktop/News-App/src/js/components/search.js
FN:6,(anonymous_0)
FN:13,(anonymous_1)
FN:19,(anonymous_2)
FN:21,(anonymous_3)
FN:28,(anonymous_4)
FN:30,(anonymous_5)
FN:38,(anonymous_6)
FNF:7
FNH:5
FNDA:1,(anonymous_0)
FNDA:0,(anonymous_1)
FNDA:1,(anonymous_2)
FNDA:0,(anonymous_3)
FNDA:3,(anonymous_4)
FNDA:2,(anonymous_5)
FNDA:2,(anonymous_6)
DA:7,1
DA:8,1
DA:14,0
DA:20,1
DA:22,0
DA:29,3
DA:31,2
DA:34,3
DA:39,2
DA:40,2
LF:10
LH:8
BRF:0
BRH:0
end_of_record
TN:
SF:/Users/ceciliawahome/Desktop/News-App/src/js/components/sources.js
FN:8,(anonymous_0)
FN:13,(anonymous_1)
FN:15,(anonymous_2)
FN:20,(anonymous_3)
FN:27,(anonymous_4)
FN:30,(anonymous_5)
FNF:6
FNH:5
FNDA:1,(anonymous_0)
FNDA:1,(anonymous_1)
FNDA:0,(anonymous_2)
FNDA:1,(anonymous_3)
FNDA:4,(anonymous_4)
FNDA:3,(anonymous_5)
DA:5,1
DA:9,1
DA:10,1
DA:14,1
DA:16,0
DA:21,1
DA:28,4
DA:31,3
DA:32,3
LF:9
LH:8
BRF:0
BRH:0
end_of_record
