TN:
SF:/Users/ceciliawahome/Desktop/News-App/src/js/components/articles.js
FN:8,(anonymous_0)
FN:12,(anonymous_1)
FN:17,(anonymous_2)
FN:23,(anonymous_3)
FN:31,(anonymous_4)
FN:34,(anonymous_5)
FN:38,(anonymous_6)
FN:45,(anonymous_7)
FNF:8
FNH:7
FNDA:1,(anonymous_0)
FNDA:2,(anonymous_1)
FNDA:0,(anonymous_2)
FNDA:1,(anonymous_3)
FNDA:1,(anonymous_4)
FNDA:1,(anonymous_5)
FNDA:4,(anonymous_6)
FNDA:6,(anonymous_7)
DA:4,1
DA:9,1
DA:10,1
DA:13,2
DA:16,2
DA:18,0
DA:24,1
DA:32,1
DA:35,1
DA:40,4
DA:46,6
LF:11
LH:10
BRDA:42,0,0,4
BRDA:42,0,1,0
BRDA:43,1,0,4
BRDA:43,1,1,0
BRDA:44,2,0,4
BRDA:44,2,1,4
BRF:6
BRH:4
end_of_record
TN:
SF:/Users/ceciliawahome/Desktop/News-App/src/js/components/categories.js
FN:7,(anonymous_0)
FN:32,(anonymous_1)
FN:36,(anonymous_2)
FN:43,(anonymous_3)
FN:45,(anonymous_4)
FN:50,(anonymous_5)
FN:52,(anonymous_6)
FN:56,(anonymous_7)
FN:70,(anonymous_8)
FN:81,(anonymous_9)
FN:96,(anonymous_10)
FN:109,(anonymous_11)
FN:116,(anonymous_12)
FNF:13
FNH:8
FNDA:2,(anonymous_0)
FNDA:1,(anonymous_1)
FNDA:1,(anonymous_2)
FNDA:0,(anonymous_3)
FNDA:0,(anonymous_4)
FNDA:0,(anonymous_5)
FNDA:0,(anonymous_6)
FNDA:0,(anonymous_7)
FNDA:4,(anonymous_8)
FNDA:2,(anonymous_9)
FNDA:4,(anonymous_10)
FNDA:36,(anonymous_11)
FNDA:2,(anonymous_12)
DA:8,2
DA:9,2
DA:30,2
DA:33,1
DA:37,1
DA:38,1
DA:39,1
DA:40,1
DA:41,1
DA:44,0
DA:45,0
DA:51,0
DA:52,0
DA:53,0
DA:54,0
DA:56,0
DA:57,0
DA:58,0
DA:61,0
DA:62,0
DA:78,4
DA:79,4
DA:81,4
DA:82,2
DA:84,4
DA:85,4
DA:86,4
DA:87,4
DA:97,4
DA:110,36
DA:117,2
DA:118,2
LF:32
LH:21
BRF:0
BRH:0
end_of_record
TN:
SF:/Users/ceciliawahome/Desktop/News-App/src/js/components/home.js
FN:10,(anonymous_0)
FNF:1
FNH:1
FNDA:1,(anonymous_0)
DA:11,1
LF:1
LH:1
BRF:0
BRH:0
end_of_record
TN:
SF:/Users/ceciliawahome/Desktop/News-App/src/js/components/search.js
FN:6,(anonymous_0)
FN:13,(anonymous_1)
FN:19,(anonymous_2)
FN:21,(anonymous_3)
FN:28,(anonymous_4)
FN:30,(anonymous_5)
FN:39,(anonymous_6)
FNF:7
FNH:5
FNDA:1,(anonymous_0)
FNDA:0,(anonymous_1)
FNDA:1,(anonymous_2)
FNDA:0,(anonymous_3)
FNDA:3,(anonymous_4)
FNDA:2,(anonymous_5)
FNDA:2,(anonymous_6)
DA:7,1
DA:8,1
DA:14,0
DA:20,1
DA:22,0
DA:29,3
DA:31,2
DA:34,3
DA:35,3
DA:40,2
DA:41,2
LF:11
LH:9
BRF:0
BRH:0
end_of_record
TN:
SF:/Users/ceciliawahome/Desktop/News-App/src/js/components/sources.js
FN:8,(anonymous_0)
FN:13,(anonymous_1)
FN:15,(anonymous_2)
FN:21,(anonymous_3)
FN:28,(anonymous_4)
FN:31,(anonymous_5)
FNF:6
FNH:5
FNDA:1,(anonymous_0)
FNDA:1,(anonymous_1)
FNDA:0,(anonymous_2)
FNDA:1,(anonymous_3)
FNDA:4,(anonymous_4)
FNDA:3,(anonymous_5)
DA:5,1
DA:9,1
DA:10,1
DA:14,1
DA:16,0
DA:19,0
DA:22,1
DA:29,4
DA:32,3
DA:33,3
LF:10
LH:8
BRF:0
BRH:0
end_of_record
